<?xml version="1.0" encoding="UTF-8"?>
<testsuite xmlns:xsi="http://www.w3.org/2001/XMLSchema-instance" xsi:noNamespaceSchemaLocation="https://maven.apache.org/surefire/maven-surefire-plugin/xsd/surefire-test-report-3.0.xsd" version="3.0" name="TestSuite" time="28.507" tests="2" errors="0" skipped="0" failures="0">
  <properties>
[...]
</properties>
  <testcase name="newlist" classname="MySessions.MySession.UnitTest" time="6.973">
    <system-err><![CDATA[Starting MSEdgeDriver 93.0.961.52 (55ddfa3ef850523eea11b31f81b5facebd8934c3) on port 22918
Only local connections are allowed.
Please see https://chromedriver.chromium.org/security-considerations for suggestions on keeping MSEdgeDriver safe.
MSEdgeDriver was started successfully.
Sep 23, 2021 10:32:26 PM org.openqa.selenium.remote.ProtocolHandshake createSession
INFO: Detected dialect: W3C
]]></system-err>
  </testcase>
  <testcase name="exstlist" classname="MySessions.MySession.UnitTest" time="0.488"/>
</testsuite>