<?xml version="1.0" encoding="UTF-8"?>
<testng-results total="2" passed="2" failed="0" skipped="0">
  <reporter-output>
  </reporter-output>
  <suite started-at="2021-10-06T04:00:37Z" name="Suite" finished-at="2021-10-06T04:03:09Z" duration-ms="152506">
    <groups>
    </groups>
    <test started-at="2021-10-06T04:00:37Z" name="Test" finished-at="2021-10-06T04:03:09Z" duration-ms="152506">
      <class name="MySessions.MySession.Frameseg">
        <test-method is-config="true" signature="setBrowser()[pri:0, instance:MySessions.MySession.Frameseg@53f3bdbd]" started-at="2021-10-06T09:30:37Z" name="setBrowser" finished-at="2021-10-06T09:32:15Z" duration-ms="98680" status="PASS">
          <reporter-output>
          </reporter-output>
        </test-method> <!-- setBrowser -->
        <test-method signature="action()[pri:0, instance:MySessions.MySession.Frameseg@53f3bdbd]" started-at="2021-10-06T09:32:15Z" name="action" finished-at="2021-10-06T09:32:43Z" duration-ms="27194" status="PASS">
          <reporter-output>
          </reporter-output>
        </test-method> <!-- action -->
        <test-method signature="amazonpay()[pri:0, instance:MySessions.MySession.Frameseg@53f3bdbd]" started-at="2021-10-06T09:32:43Z" name="amazonpay" finished-at="2021-10-06T09:33:09Z" duration-ms="26589" status="PASS">
          <reporter-output>
          </reporter-output>
        </test-method> <!-- amazonpay -->
      </class> <!-- MySessions.MySession.Frameseg -->
    </test> <!-- Test -->
  </suite> <!-- Suite -->
</testng-results>
